<?xml version="1.0" encoding="UTF-8"?>
<testng-results ignored="0" total="1" passed="1" failed="0" skipped="0">
  <reporter-output>
  </reporter-output>
  <suite started-at="2021-03-05T14:39:42 IST" name="Default suite" finished-at="2021-03-05T14:39:42 IST" duration-ms="49">
    <groups>
    </groups>
    <test started-at="2021-03-05T14:39:42 IST" name="Default test" finished-at="2021-03-05T14:39:42 IST" duration-ms="49">
      <class name="com.ebay.EBayProject.EbayClass">
        <test-method is-config="true" signature="environmentSetup()[pri:0, instance:com.ebay.EBayProject.EbayClass@6ce139a4]" started-at="2021-03-05T14:39:33 IST" name="environmentSetup" finished-at="2021-03-05T14:39:42 IST" duration-ms="9340" status="PASS">
          <reporter-output>
          </reporter-output>
        </test-method> <!-- environmentSetup -->
        <test-method signature="testTitle()[pri:0, instance:com.ebay.EBayProject.EbayClass@6ce139a4]" started-at="2021-03-05T14:39:42 IST" name="testTitle" finished-at="2021-03-05T14:39:42 IST" duration-ms="19" status="PASS">
          <reporter-output>
          </reporter-output>
        </test-method> <!-- testTitle -->
      </class> <!-- com.ebay.EBayProject.EbayClass -->
    </test> <!-- Default test -->
  </suite> <!-- Default suite -->
</testng-results>
